{"/Users/YasinKhan/hr/FEC/client/src/components/questionsAnswers/Search.jsx": {"path":"/Users/YasinKhan/hr/FEC/client/src/components/questionsAnswers/Search.jsx","statementMap":{"0":{"start":{"line":7,"column":20},"end":{"line":7,"column":32}},"1":{"start":{"line":9,"column":2},"end":{"line":20,"column":4}},"2":{"start":{"line":15,"column":24},"end":{"line":15,"column":61}},"3":{"start":{"line":23,"column":18},"end":{"line":30,"column":1}},"4":{"start":{"line":32,"column":18},"end":{"line":40,"column":1}},"5":{"start":{"line":42,"column":25},"end":{"line":51,"column":1}}},"fnMap":{"0":{"name":"Search","decl":{"start":{"line":5,"column":24},"end":{"line":5,"column":30}},"loc":{"start":{"line":5,"column":49},"end":{"line":21,"column":1}},"line":5},"1":{"name":"(anonymous_1)","decl":{"start":{"line":15,"column":18},"end":{"line":15,"column":19}},"loc":{"start":{"line":15,"column":24},"end":{"line":15,"column":61}},"line":15}},"branchMap":{},"s":{"0":1,"1":1,"2":0,"3":1,"4":1,"5":1},"f":{"0":1,"1":0},"b":{},"_coverageSchema":"1a1c01bbd47fc00a2c39e90264f33305004495a9","hash":"eaa8676ba056097724d64ead7613afaa79db51e3"}
}
